Management.obj : error LNK2001: 无法解析的外部符号 "__declspec(dllimport) const YAML::BadSubscript::`vftable'" (__imp_??_7BadSubscript@YAML@@6B@)
Management.obj : error LNK2001: 无法解析的外部符号 "__declspec(dllimport) class YAML::Node __cdecl YAML::LoadFile(class std::basic_string<char,struct std::char_traits<char>,class std::allocator<char> > const &)" (__imp_?LoadFile@YAML@@YA?AVNode@1@ABV?$basic_string@DU?$char_traits@D@std@@V?$allocator@D@2@@std@@@Z)
Management.obj : error LNK2001: 无法解析的外部符号 "__declspec(dllimport) class std::basic_ostream<char,struct std::char_traits<char> > & __cdecl YAML::operator<<(class std::basic_ostream<char,struct std::char_traits<char> > &,class YAML::Node const &)" (__imp_??6YAML@@YAAAV?$basic_ostream@DU?$char_traits@D@std@@@std@@AAV12@ABVNode@0@@Z)
Management.obj : error LNK2001: 无法解析的外部符号 "__declspec(dllimport) public: virtual __thiscall YAML::RepresentationException::~RepresentationException(void)" (__imp_??1RepresentationException@YAML@@UAE@XZ)
Management.obj : error LNK2001: 无法解析的外部符号 "__declspec(dllimport) public: virtual __thiscall YAML::BadSubscript::~BadSubscript(void)" (__imp_??1BadSubscript@YAML@@UAE@XZ)
Management.obj : error LNK2001: 无法解析的外部符号 "__declspec(dllimport) private: void __thiscall YAML::detail::node_data::convert_to_map(class std::shared_ptr<class YAML::detail::memory_holder> const &)" (__imp_?convert_to_map@node_data@detail@YAML@@AAEXABV?$shared_ptr@Vmemory_holder@detail@YAML@@@std@@@Z)
Management.obj : error LNK2001: 无法解析的外部符号 "__declspec(dllimport) private: void __thiscall YAML::detail::node_data::insert_map_pair(class YAML::detail::node &,class YAML::detail::node &)" (__imp_?insert_map_pair@node_data@detail@YAML@@AAEXAAVnode@23@0@Z)
Management.obj : error LNK2001: 无法解析的外部符号 "__declspec(dllimport) public: void __thiscall YAML::detail::node_data::set_scalar(class std::basic_string<char,struct std::char_traits<char>,class std::allocator<char> > const &)" (__imp_?set_scalar@node_data@detail@YAML@@QAEXABV?$basic_string@DU?$char_traits@D@std@@V?$allocator@D@2@@std@@@Z)
Management.obj : error LNK2001: 无法解析的外部符号 "__declspec(dllimport) public: void __thiscall YAML::detail::node_data::mark_defined(void)" (__imp_?mark_defined@node_data@detail@YAML@@QAEXXZ)
Management.obj : error LNK2001: 无法解析的外部符号 "__declspec(dllimport) public: void __thiscall YAML::detail::memory_holder::merge(class YAML::detail::memory_holder &)" (__imp_?merge@memory_holder@detail@YAML@@QAEXAAV123@@Z)
Management.obj : error LNK2001: 无法解析的外部符号 "__declspec(dllimport) public: __thiscall YAML::BadSubscript::BadSubscript(class YAML::BadSubscript const &)" (__imp_??0BadSubscript@YAML@@QAE@ABV01@@Z)
Management.obj : error LNK2001: 无法解析的外部符号 "__declspec(dllimport) public: __thiscall YAML::detail::memory_holder::~memory_holder(void)" (__imp_??1memory_holder@detail@YAML@@QAE@XZ)
Management.obj : error LNK2001: 无法解析的外部符号 "__declspec(dllimport) private: void __thiscall YAML::Node::Assign(char const *)" (__imp_?Assign@Node@YAML@@AAEXPBD@Z)
Management.obj : error LNK2001: 无法解析的外部符号 "__declspec(dllimport) public: class std::basic_string<char,struct std::char_traits<char>,class std::allocator<char> > const & __thiscall YAML::Node::Scalar(void)const " (__imp_?Scalar@Node@YAML@@QBEABV?$basic_string@DU?$char_traits@D@std@@V?$allocator@D@2@@std@@XZ)
Management.obj : error LNK2001: 无法解析的外部符号 "__declspec(dllimport) public: __thiscall YAML::Exception::Exception(class YAML::Exception const &)" (__imp_??0Exception@YAML@@QAE@ABV01@@Z)
Management.obj : error LNK2001: 无法解析的外部符号 "__declspec(dllimport) public: __thiscall YAML::RepresentationException::RepresentationException(class YAML::RepresentationException const &)" (__imp_??0RepresentationException@YAML@@QAE@ABV01@@Z)
Management.obj : error LNK2001: 无法解析的外部符号 "__declspec(dllimport) private: void __thiscall YAML::Node::EnsureNodeExists(void)const " (__imp_?EnsureNodeExists@Node@YAML@@ABEXXZ)
Management.obj : error LNK2001: 无法解析的外部符号 "__declspec(dllimport) public: __thiscall YAML::Node::~Node(void)" (__imp_??1Node@YAML@@QAE@XZ)
Management.obj : error LNK2001: 无法解析的外部符号 "__declspec(dllimport) private: __thiscall YAML::Node::Node(class YAML::detail::node &,class std::shared_ptr<class YAML::detail::memory_holder>)" (__imp_??0Node@YAML@@AAE@AAVnode@detail@1@V?$shared_ptr@Vmemory_holder@detail@YAML@@@std@@@Z)
Management.obj : error LNK2001: 无法解析的外部符号 "__declspec(dllimport) public: bool __thiscall YAML::detail::node_data::is_defined(void)const " (__imp_?is_defined@node_data@detail@YAML@@QBE_NXZ)
Management.obj : error LNK2001: 无法解析的外部符号 "__declspec(dllimport) public: class YAML::detail::node & __thiscall YAML::detail::memory_holder::create_node(void)" (__imp_?create_node@memory_holder@detail@YAML@@QAEAAVnode@23@XZ)
Management.obj : error LNK2001: 无法解析的外部符号 "__declspec(dllimport) public: __thiscall YAML::detail::memory_holder::memory_holder(void)" (__imp_??0memory_holder@detail@YAML@@QAE@XZ)
Management.obj : error LNK2001: 无法解析的外部符号 "__declspec(dllimport) public: bool __thiscall YAML::Node::IsScalar(void)const " (__imp_?IsScalar@Node@YAML@@QBE_NXZ)
Management.obj : error LNK2001: 无法解析的外部符号 "__declspec(dllimport) public: __thiscall YAML::RepresentationException::RepresentationException(struct YAML::Mark const &,class std::basic_string<char,struct std::char_traits<char>,class std::allocator<char> > const &)" (__imp_??0RepresentationException@YAML@@QAE@ABUMark@1@ABV?$basic_string@DU?$char_traits@D@std@@V?$allocator@D@2@@std@@@Z)
C:\Users\ning1\Desktop\plugin\X-Robot\Release\Manager.exe : fatal error LNK1120: 24 个无法解析的外部命令
